android/app/build/intermediates/manifest_merge_blame_file/release/manifest-merger-blame-release-report.txt
1<?xml version="1.0" encoding="utf-8"?>
2<manifest xmlns:android="http://schemas.android.com/apk/res/android"
3    package="com.comma.premedico"
4    android:versionCode="1"
5    android:versionName="1.0.0" >
6
7    <uses-sdk
8        android:minSdkVersion="26"
8-->src/main/AndroidManifest.xml
9        android:targetSdkVersion="34" />
9-->src/main/AndroidManifest.xml
10
11    <uses-permission android:name="android.permission.CAMERA" />
11-->src/main/AndroidManifest.xml:2:1-60
11-->src/main/AndroidManifest.xml:2:18-58
12    <uses-permission android:name="android.permission.RECORD_AUDIO" />
12-->src/main/AndroidManifest.xml:3:1-66
12-->src/main/AndroidManifest.xml:3:18-64
13    <uses-permission android:name="android.permission.INTERNET" />
13-->src/main/AndroidManifest.xml:4:1-62
13-->src/main/AndroidManifest.xml:4:18-60
14    <uses-permission android:name="android.permission.FOREGROUND_SERVICE" />
14-->src/main/AndroidManifest.xml:5:2-74
14-->src/main/AndroidManifest.xml:5:19-71
15    <uses-permission android:name="android.permission.ACCESS_FINE_LOCATION" />
15-->src/main/AndroidManifest.xml:6:3-77
15-->src/main/AndroidManifest.xml:6:20-74
16    <uses-permission android:name="android.permission.ACCESS_COARSE_LOCATION" />
16-->src/main/AndroidManifest.xml:7:3-79
16-->src/main/AndroidManifest.xml:7:20-76
17    <!--
18         Required to query activities that can process text, see:
19         https://developer.android.com/training/package-visibility?hl=en and
20         https://developer.android.com/reference/android/content/Intent#ACTION_PROCESS_TEXT.
21
22         In particular, this is used by the Flutter engine in io.flutter.plugin.text.ProcessTextPlugin.
23    -->
24    <queries>
24-->src/main/AndroidManifest.xml:46:5-51:15
25        <intent>
25-->src/main/AndroidManifest.xml:47:9-50:18
26            <action android:name="android.intent.action.PROCESS_TEXT" />
26-->src/main/AndroidManifest.xml:48:13-72
26-->src/main/AndroidManifest.xml:48:21-70
27
28            <data android:mimeType="text/plain" />
28-->src/main/AndroidManifest.xml:49:13-50
28-->src/main/AndroidManifest.xml:49:19-48
29        </intent>
30        <intent>
30-->[:file_picker] AndroidManifest.xml:14:9-18:18
31            <action android:name="android.intent.action.GET_CONTENT" />
31-->[:file_picker] AndroidManifest.xml:15:13-72
31-->[:file_picker] AndroidManifest.xml:15:21-69
32
33            <data android:mimeType="*/*" />
33-->src/main/AndroidManifest.xml:49:13-50
33-->src/main/AndroidManifest.xml:49:19-48
34        </intent> <!-- Needs to be explicitly declared on Android R+ -->
35        <package android:name="com.google.android.apps.maps" />
35-->[com.google.android.gms:play-services-maps:18.2.0] AndroidManifest.xml:33:9-64
35-->[com.google.android.gms:play-services-maps:18.2.0] AndroidManifest.xml:33:18-61
36
37        <intent>
37-->[im.zego:zpns:2.6.0] AndroidManifest.xml:18:9-20:18
38            <action android:name="com.huawei.hms.core.aidlservice" />
38-->[im.zego:zpns:2.6.0] AndroidManifest.xml:19:13-70
38-->[im.zego:zpns:2.6.0] AndroidManifest.xml:19:21-67
39        </intent>
40    </queries>
41
42    <uses-permission
42-->[:file_picker] AndroidManifest.xml:9:5-11:38
43        android:name="android.permission.READ_EXTERNAL_STORAGE"
43-->[:file_picker] AndroidManifest.xml:10:9-64
44        android:maxSdkVersion="32" />
44-->[:file_picker] AndroidManifest.xml:11:9-35
45    <uses-permission android:name="android.permission.WAKE_LOCK" />
45-->[:firebase_messaging] AndroidManifest.xml:10:5-68
45-->[:firebase_messaging] AndroidManifest.xml:10:22-65
46    <uses-permission android:name="android.permission.ACCESS_NETWORK_STATE" /> <!-- Permissions options for the `notification` group -->
46-->[:firebase_messaging] AndroidManifest.xml:11:5-79
46-->[:firebase_messaging] AndroidManifest.xml:11:22-76
47    <uses-permission android:name="android.permission.POST_NOTIFICATIONS" />
47-->[:firebase_messaging] AndroidManifest.xml:13:5-77
47-->[:firebase_messaging] AndroidManifest.xml:13:22-74
48    <uses-permission android:name="android.permission.USE_FULL_SCREEN_INTENT" />
48-->[:flutter_callkit_incoming_yoer] AndroidManifest.xml:9:5-81
48-->[:flutter_callkit_incoming_yoer] AndroidManifest.xml:9:22-78
49    <uses-permission android:name="android.permission.VIBRATE" />
49-->[:flutter_callkit_incoming_yoer] AndroidManifest.xml:11:5-66
49-->[:flutter_callkit_incoming_yoer] AndroidManifest.xml:11:22-63
50    <uses-permission android:name="android.permission.ACCESS_NOTIFICATION_POLICY" />
50-->[:flutter_callkit_incoming_yoer] AndroidManifest.xml:13:5-85
50-->[:flutter_callkit_incoming_yoer] AndroidManifest.xml:13:22-82
51    <uses-permission android:name="android.permission.MANAGE_OWN_CALLS" />
51-->[:flutter_callkit_incoming_yoer] AndroidManifest.xml:15:5-75
51-->[:flutter_callkit_incoming_yoer] AndroidManifest.xml:15:22-72
52    <uses-permission android:name="android.permission.READ_PHONE_STATE" />
52-->[com.github.umair13adil:RxLogs:1.0.20] AndroidManifest.xml:13:5-75
52-->[com.github.umair13adil:RxLogs:1.0.20] AndroidManifest.xml:13:22-72
53    <uses-permission android:name="com.google.android.providers.gsf.permission.READ_GSERVICES" />
53-->[com.google.android.recaptcha:recaptcha:18.4.0] AndroidManifest.xml:9:5-98
53-->[com.google.android.recaptcha:recaptcha:18.4.0] AndroidManifest.xml:9:22-95
54
55    <uses-feature
55-->[com.google.android.gms:play-services-maps:18.2.0] AndroidManifest.xml:26:5-28:35
56        android:glEsVersion="0x00020000"
56-->[com.google.android.gms:play-services-maps:18.2.0] AndroidManifest.xml:27:9-41
57        android:required="true" /> <!-- Required by older versions of Google Play services to create IID tokens -->
57-->[com.google.android.gms:play-services-maps:18.2.0] AndroidManifest.xml:28:9-32
58    <uses-permission android:name="com.google.android.c2dm.permission.RECEIVE" />
58-->[com.google.firebase:firebase-messaging:23.4.1] AndroidManifest.xml:26:5-82
58-->[com.google.firebase:firebase-messaging:23.4.1] AndroidManifest.xml:26:22-79
59    <uses-permission android:name="android.permission.RECEIVE_BOOT_COMPLETED" />
59-->[androidx.work:work-runtime:2.8.1] AndroidManifest.xml:25:5-81
59-->[androidx.work:work-runtime:2.8.1] AndroidManifest.xml:25:22-78
60
61    <permission
61-->[androidx.core:core:1.13.0] AndroidManifest.xml:22:5-24:47
62        android:name="com.comma.premedico.DYNAMIC_RECEIVER_NOT_EXPORTED_PERMISSION"
62-->[androidx.core:core:1.13.0] AndroidManifest.xml:23:9-81
63        android:protectionLevel="signature" />
63-->[androidx.core:core:1.13.0] AndroidManifest.xml:24:9-44
64
65    <uses-permission android:name="com.comma.premedico.DYNAMIC_RECEIVER_NOT_EXPORTED_PERMISSION" />
65-->[androidx.core:core:1.13.0] AndroidManifest.xml:26:5-97
65-->[androidx.core:core:1.13.0] AndroidManifest.xml:26:22-94
66    <uses-permission android:name="android.permission.WRITE_EXTERNAL_STORAGE" />
66-->[im.zego:zpns:2.6.0] AndroidManifest.xml:9:5-81
66-->[im.zego:zpns:2.6.0] AndroidManifest.xml:9:22-78
67    <uses-permission android:name="android.permission.ACCESS_WIFI_STATE" />
67-->[im.zego:zpns:2.6.0] AndroidManifest.xml:12:5-76
67-->[im.zego:zpns:2.6.0] AndroidManifest.xml:12:22-73
68    <uses-permission android:name="android.permission.GET_TASKS" />
68-->[im.zego:zpns:2.6.0] AndroidManifest.xml:14:5-68
68-->[im.zego:zpns:2.6.0] AndroidManifest.xml:14:22-65
69
70    <application
71        android:name="android.app.Application"
71-->src/main/AndroidManifest.xml:10:9-42
72        android:appComponentFactory="androidx.core.app.CoreComponentFactory"
72-->[androidx.core:core:1.13.0] AndroidManifest.xml:28:18-86
73        android:extractNativeLibs="false"
74        android:icon="@mipmap/ic_launcher"
74-->src/main/AndroidManifest.xml:11:9-43
75        android:label="premedico" >
75-->src/main/AndroidManifest.xml:9:9-34
76        <activity
76-->src/main/AndroidManifest.xml:12:9-34:20
77            android:name="com.comma.premedico.MainActivity"
77-->src/main/AndroidManifest.xml:13:13-41
78            android:configChanges="orientation|keyboardHidden|keyboard|screenSize|smallestScreenSize|locale|layoutDirection|fontScale|screenLayout|density|uiMode"
78-->src/main/AndroidManifest.xml:17:13-163
79            android:exported="true"
79-->src/main/AndroidManifest.xml:14:13-36
80            android:hardwareAccelerated="true"
80-->src/main/AndroidManifest.xml:18:13-47
81            android:launchMode="singleTop"
81-->src/main/AndroidManifest.xml:15:13-43
82            android:theme="@style/LaunchTheme"
82-->src/main/AndroidManifest.xml:16:13-47
83            android:windowSoftInputMode="adjustResize" >
83-->src/main/AndroidManifest.xml:19:13-55
84
85            <!--
86                 Specifies an Android theme to apply to this Activity as soon as
87                 the Android process has started. This theme is visible to the user
88                 while the Flutter UI initializes. After that, this theme continues
89                 to determine the Window background behind the Flutter UI.
90            -->
91            <meta-data
91-->src/main/AndroidManifest.xml:24:13-27:17
92                android:name="io.flutter.embedding.android.NormalTheme"
92-->src/main/AndroidManifest.xml:25:15-70
93                android:resource="@style/NormalTheme" />
93-->src/main/AndroidManifest.xml:26:15-52
94            <meta-data
94-->src/main/AndroidManifest.xml:28:18-29:73
95                android:name="com.google.android.geo.API_KEY"
95-->src/main/AndroidManifest.xml:28:29-74
96                android:value="AIzaSyCVs68O8ytrRteAKCN9VSo4rnjjalEd-mk" />
96-->src/main/AndroidManifest.xml:29:16-71
97
98            <intent-filter>
98-->src/main/AndroidManifest.xml:30:13-33:29
99                <action android:name="android.intent.action.MAIN" />
99-->src/main/AndroidManifest.xml:31:17-68
99-->src/main/AndroidManifest.xml:31:25-66
100
101                <category android:name="android.intent.category.LAUNCHER" />
101-->src/main/AndroidManifest.xml:32:17-76
101-->src/main/AndroidManifest.xml:32:27-74
102            </intent-filter>
103        </activity>
104        <!--
105             Don't delete the meta-data below.
106             This is used by the Flutter tool to generate GeneratedPluginRegistrant.java
107        -->
108        <meta-data
108-->src/main/AndroidManifest.xml:37:9-39:33
109            android:name="flutterEmbedding"
109-->src/main/AndroidManifest.xml:38:13-44
110            android:value="2" />
110-->src/main/AndroidManifest.xml:39:13-30
111
112        <service
112-->[:cloud_firestore] AndroidManifest.xml:10:9-14:19
113            android:name="com.google.firebase.components.ComponentDiscoveryService"
113-->[:cloud_firestore] AndroidManifest.xml:10:18-89
114            android:directBootAware="true"
114-->[com.google.firebase:firebase-common:20.4.3] AndroidManifest.xml:32:13-43
115            android:exported="false" >
115-->[com.google.firebase:firebase-auth:22.3.1] AndroidManifest.xml:68:13-37
116            <meta-data
116-->[:cloud_firestore] AndroidManifest.xml:11:13-13:85
117                android:name="com.google.firebase.components:io.flutter.plugins.firebase.firestore.FlutterFirebaseFirestoreRegistrar"
117-->[:cloud_firestore] AndroidManifest.xml:12:17-134
118                android:value="com.google.firebase.components.ComponentRegistrar" />
118-->[:cloud_firestore] AndroidManifest.xml:13:17-82
119            <meta-data
119-->[:firebase_auth] AndroidManifest.xml:11:13-13:85
120                android:name="com.google.firebase.components:io.flutter.plugins.firebase.auth.FlutterFirebaseAuthRegistrar"
120-->[:firebase_auth] AndroidManifest.xml:12:17-124
121                android:value="com.google.firebase.components.ComponentRegistrar" />
121-->[:firebase_auth] AndroidManifest.xml:13:17-82
122            <meta-data
122-->[:firebase_messaging] AndroidManifest.xml:38:13-40:85
123                android:name="com.google.firebase.components:io.flutter.plugins.firebase.messaging.FlutterFirebaseAppRegistrar"
123-->[:firebase_messaging] AndroidManifest.xml:39:17-128
124                android:value="com.google.firebase.components.ComponentRegistrar" />
124-->[:firebase_messaging] AndroidManifest.xml:40:17-82
125            <meta-data
125-->[:firebase_core] AndroidManifest.xml:11:13-13:85
126                android:name="com.google.firebase.components:io.flutter.plugins.firebase.core.FlutterFirebaseCoreRegistrar"
126-->[:firebase_core] AndroidManifest.xml:12:17-124
127                android:value="com.google.firebase.components.ComponentRegistrar" />
127-->[:firebase_core] AndroidManifest.xml:13:17-82
128            <meta-data
128-->[com.google.firebase:firebase-auth:22.3.1] AndroidManifest.xml:69:13-71:85
129                android:name="com.google.firebase.components:com.google.firebase.auth.FirebaseAuthRegistrar"
129-->[com.google.firebase:firebase-auth:22.3.1] AndroidManifest.xml:70:17-109
130                android:value="com.google.firebase.components.ComponentRegistrar" />
130-->[com.google.firebase:firebase-auth:22.3.1] AndroidManifest.xml:71:17-82
131            <meta-data
131-->[com.google.firebase:firebase-firestore:24.11.0] AndroidManifest.xml:17:13-19:85
132                android:name="com.google.firebase.components:com.google.firebase.firestore.FirebaseFirestoreKtxRegistrar"
132-->[com.google.firebase:firebase-firestore:24.11.0] AndroidManifest.xml:18:17-122
133                android:value="com.google.firebase.components.ComponentRegistrar" />
133-->[com.google.firebase:firebase-firestore:24.11.0] AndroidManifest.xml:19:17-82
134            <meta-data
134-->[com.google.firebase:firebase-firestore:24.11.0] AndroidManifest.xml:20:13-22:85
135                android:name="com.google.firebase.components:com.google.firebase.firestore.FirestoreRegistrar"
135-->[com.google.firebase:firebase-firestore:24.11.0] AndroidManifest.xml:21:17-111
136                android:value="com.google.firebase.components.ComponentRegistrar" />
136-->[com.google.firebase:firebase-firestore:24.11.0] AndroidManifest.xml:22:17-82
137            <meta-data
137-->[com.google.firebase:firebase-messaging:23.4.1] AndroidManifest.xml:57:13-59:85
138                android:name="com.google.firebase.components:com.google.firebase.messaging.FirebaseMessagingKtxRegistrar"
138-->[com.google.firebase:firebase-messaging:23.4.1] AndroidManifest.xml:58:17-122
139                android:value="com.google.firebase.components.ComponentRegistrar" />
139-->[com.google.firebase:firebase-messaging:23.4.1] AndroidManifest.xml:59:17-82
140            <meta-data
140-->[com.google.firebase:firebase-messaging:23.4.1] AndroidManifest.xml:60:13-62:85
141                android:name="com.google.firebase.components:com.google.firebase.messaging.FirebaseMessagingRegistrar"
141-->[com.google.firebase:firebase-messaging:23.4.1] AndroidManifest.xml:61:17-119
142                android:value="com.google.firebase.components.ComponentRegistrar" />
142-->[com.google.firebase:firebase-messaging:23.4.1] AndroidManifest.xml:62:17-82
143            <meta-data
143-->[com.google.firebase:firebase-installations:17.2.0] AndroidManifest.xml:15:13-17:85
144                android:name="com.google.firebase.components:com.google.firebase.installations.FirebaseInstallationsKtxRegistrar"
144-->[com.google.firebase:firebase-installations:17.2.0] AndroidManifest.xml:16:17-130
145                android:value="com.google.firebase.components.ComponentRegistrar" />
145-->[com.google.firebase:firebase-installations:17.2.0] AndroidManifest.xml:17:17-82
146            <meta-data
146-->[com.google.firebase:firebase-installations:17.2.0] AndroidManifest.xml:18:13-20:85
147                android:name="com.google.firebase.components:com.google.firebase.installations.FirebaseInstallationsRegistrar"
147-->[com.google.firebase:firebase-installations:17.2.0] AndroidManifest.xml:19:17-127
148                android:value="com.google.firebase.components.ComponentRegistrar" />
148-->[com.google.firebase:firebase-installations:17.2.0] AndroidManifest.xml:20:17-82
149            <meta-data
149-->[com.google.firebase:firebase-common-ktx:20.4.3] AndroidManifest.xml:12:13-14:85
150                android:name="com.google.firebase.components:com.google.firebase.ktx.FirebaseCommonLegacyRegistrar"
150-->[com.google.firebase:firebase-common-ktx:20.4.3] AndroidManifest.xml:13:17-116
151                android:value="com.google.firebase.components.ComponentRegistrar" />
151-->[com.google.firebase:firebase-common-ktx:20.4.3] AndroidManifest.xml:14:17-82
152            <meta-data
152-->[com.google.firebase:firebase-common:20.4.3] AndroidManifest.xml:35:13-37:85
153                android:name="com.google.firebase.components:com.google.firebase.FirebaseCommonKtxRegistrar"
153-->[com.google.firebase:firebase-common:20.4.3] AndroidManifest.xml:36:17-109
154                android:value="com.google.firebase.components.ComponentRegistrar" />
154-->[com.google.firebase:firebase-common:20.4.3] AndroidManifest.xml:37:17-82
155            <meta-data
155-->[com.google.firebase:firebase-datatransport:18.1.7] AndroidManifest.xml:27:13-29:85
156                android:name="com.google.firebase.components:com.google.firebase.datatransport.TransportRegistrar"
156-->[com.google.firebase:firebase-datatransport:18.1.7] AndroidManifest.xml:28:17-115
157                android:value="com.google.firebase.components.ComponentRegistrar" />
157-->[com.google.firebase:firebase-datatransport:18.1.7] AndroidManifest.xml:29:17-82
158        </service>
159
160        <receiver
160-->[:zego_uikit_prebuilt_call] AndroidManifest.xml:10:9-12:40
161            android:name="com.zegocloud.uikit.call_plugin.notification.AcceptReceiver"
161-->[:zego_uikit_prebuilt_call] AndroidManifest.xml:11:13-87
162            android:exported="false" />
162-->[:zego_uikit_prebuilt_call] AndroidManifest.xml:12:13-37
163        <receiver
163-->[:zego_uikit_prebuilt_call] AndroidManifest.xml:13:9-15:40
164            android:name="com.zegocloud.uikit.call_plugin.notification.RejectReceiver"
164-->[:zego_uikit_prebuilt_call] AndroidManifest.xml:14:13-87
165            android:exported="false" />
165-->[:zego_uikit_prebuilt_call] AndroidManifest.xml:15:13-37
166        <receiver
166-->[:zego_uikit_prebuilt_call] AndroidManifest.xml:16:9-18:40
167            android:name="com.zegocloud.uikit.call_plugin.notification.CancelReceiver"
167-->[:zego_uikit_prebuilt_call] AndroidManifest.xml:17:13-87
168            android:exported="false" />
168-->[:zego_uikit_prebuilt_call] AndroidManifest.xml:18:13-37
169        <receiver
169-->[:zego_uikit_prebuilt_call] AndroidManifest.xml:19:9-21:40
170            android:name="com.zegocloud.uikit.call_plugin.notification.ClickReceiver"
170-->[:zego_uikit_prebuilt_call] AndroidManifest.xml:20:13-86
171            android:exported="false" />
171-->[:zego_uikit_prebuilt_call] AndroidManifest.xml:21:13-37
172
173        <service
173-->[:firebase_messaging] AndroidManifest.xml:16:9-19:72
174            android:name="io.flutter.plugins.firebase.messaging.FlutterFirebaseMessagingBackgroundService"
174-->[:firebase_messaging] AndroidManifest.xml:17:13-107
175            android:exported="false"
175-->[:firebase_messaging] AndroidManifest.xml:18:13-37
176            android:permission="android.permission.BIND_JOB_SERVICE" />
176-->[:firebase_messaging] AndroidManifest.xml:19:13-69
177        <service
177-->[:firebase_messaging] AndroidManifest.xml:20:9-26:19
178            android:name="io.flutter.plugins.firebase.messaging.FlutterFirebaseMessagingService"
178-->[:firebase_messaging] AndroidManifest.xml:21:13-97
179            android:exported="false" >
179-->[:firebase_messaging] AndroidManifest.xml:22:13-37
180            <intent-filter>
180-->[:firebase_messaging] AndroidManifest.xml:23:13-25:29
181                <action android:name="com.google.firebase.MESSAGING_EVENT" />
181-->[:firebase_messaging] AndroidManifest.xml:24:17-78
181-->[:firebase_messaging] AndroidManifest.xml:24:25-75
182            </intent-filter>
183        </service>
184
185        <receiver
185-->[:firebase_messaging] AndroidManifest.xml:28:9-35:20
186            android:name="io.flutter.plugins.firebase.messaging.FlutterFirebaseMessagingReceiver"
186-->[:firebase_messaging] AndroidManifest.xml:29:13-98
187            android:exported="true"
187-->[:firebase_messaging] AndroidManifest.xml:30:13-36
188            android:permission="com.google.android.c2dm.permission.SEND" >
188-->[:firebase_messaging] AndroidManifest.xml:31:13-73
189            <intent-filter>
189-->[:firebase_messaging] AndroidManifest.xml:32:13-34:29
190                <action android:name="com.google.android.c2dm.intent.RECEIVE" />
190-->[:firebase_messaging] AndroidManifest.xml:33:17-81
190-->[:firebase_messaging] AndroidManifest.xml:33:25-78
191            </intent-filter>
192        </receiver>
193
194        <provider
194-->[:firebase_messaging] AndroidManifest.xml:43:9-47:38
195            android:name="io.flutter.plugins.firebase.messaging.FlutterFirebaseMessagingInitProvider"
195-->[:firebase_messaging] AndroidManifest.xml:44:13-102
196            android:authorities="com.comma.premedico.flutterfirebasemessaginginitprovider"
196-->[:firebase_messaging] AndroidManifest.xml:45:13-88
197            android:exported="false"
197-->[:firebase_messaging] AndroidManifest.xml:46:13-37
198            android:initOrder="99" />
198-->[:firebase_messaging] AndroidManifest.xml:47:13-35
199
200        <activity
200-->[:flutter_callkit_incoming_yoer] AndroidManifest.xml:18:9-33:20
201            android:name="com.hiennv.flutter_callkit_incoming.CallkitIncomingActivity"
201-->[:flutter_callkit_incoming_yoer] AndroidManifest.xml:19:13-87
202            android:configChanges="orientation"
202-->[:flutter_callkit_incoming_yoer] AndroidManifest.xml:20:13-48
203            android:excludeFromRecents="true"
203-->[:flutter_callkit_incoming_yoer] AndroidManifest.xml:21:13-46
204            android:exported="true"
204-->[:flutter_callkit_incoming_yoer] AndroidManifest.xml:22:13-36
205            android:noHistory="true"
205-->[:flutter_callkit_incoming_yoer] AndroidManifest.xml:23:13-37
206            android:showOnLockScreen="true"
206-->[:flutter_callkit_incoming_yoer] AndroidManifest.xml:24:13-44
207            android:taskAffinity="com.hiennv.flutter_callkit_incoming.INCOMING_CALL_AFFINITY"
207-->[:flutter_callkit_incoming_yoer] AndroidManifest.xml:25:13-94
208            android:theme="@style/CallkitIncomingTheme"
208-->[:flutter_callkit_incoming_yoer] AndroidManifest.xml:26:13-56
209            android:turnScreenOn="true" >
209-->[:flutter_callkit_incoming_yoer] AndroidManifest.xml:27:13-40
210            <intent-filter>
210-->[:flutter_callkit_incoming_yoer] AndroidManifest.xml:28:13-32:29
211                <action android:name="com.comma.premedico.com.hiennv.flutter_callkit_incoming.ACTION_CALL_INCOMING" />
211-->[:flutter_callkit_incoming_yoer] AndroidManifest.xml:29:17-116
211-->[:flutter_callkit_incoming_yoer] AndroidManifest.xml:29:25-113
212
213                <category android:name="android.intent.category.DEFAULT" />
213-->[:flutter_callkit_incoming_yoer] AndroidManifest.xml:31:17-76
213-->[:flutter_callkit_incoming_yoer] AndroidManifest.xml:31:27-73
214            </intent-filter>
215        </activity>
216        <activity
216-->[:flutter_callkit_incoming_yoer] AndroidManifest.xml:34:9-37:55
217            android:name="com.hiennv.flutter_callkit_incoming.TransparentActivity"
217-->[:flutter_callkit_incoming_yoer] AndroidManifest.xml:35:13-83
218            android:exported="false"
218-->[:flutter_callkit_incoming_yoer] AndroidManifest.xml:36:13-37
219            android:theme="@style/TranslucentTheme" />
219-->[:flutter_callkit_incoming_yoer] AndroidManifest.xml:37:13-52
220
221        <receiver
221-->[:flutter_callkit_incoming_yoer] AndroidManifest.xml:39:9-50:20
222            android:name="com.hiennv.flutter_callkit_incoming.CallkitIncomingBroadcastReceiver"
222-->[:flutter_callkit_incoming_yoer] AndroidManifest.xml:40:13-96
223            android:enabled="true"
223-->[:flutter_callkit_incoming_yoer] AndroidManifest.xml:41:13-35
224            android:exported="false" >
224-->[:flutter_callkit_incoming_yoer] AndroidManifest.xml:42:13-37
225            <intent-filter>
225-->[:flutter_callkit_incoming_yoer] AndroidManifest.xml:43:13-49:29
226                <action android:name="com.comma.premedico.com.hiennv.flutter_callkit_incoming.ACTION_CALL_INCOMING" />
226-->[:flutter_callkit_incoming_yoer] AndroidManifest.xml:29:17-116
226-->[:flutter_callkit_incoming_yoer] AndroidManifest.xml:29:25-113
227                <action android:name="com.comma.premedico.com.hiennv.flutter_callkit_incoming.ACTION_CALL_ACCEPT" />
227-->[:flutter_callkit_incoming_yoer] AndroidManifest.xml:45:17-114
227-->[:flutter_callkit_incoming_yoer] AndroidManifest.xml:45:25-111
228                <action android:name="com.comma.premedico.com.hiennv.flutter_callkit_incoming.ACTION_CALL_DECLINE" />
228-->[:flutter_callkit_incoming_yoer] AndroidManifest.xml:46:17-115
228-->[:flutter_callkit_incoming_yoer] AndroidManifest.xml:46:25-112
229                <action android:name="com.comma.premedico.com.hiennv.flutter_callkit_incoming.ACTION_CALL_ENDED" />
229-->[:flutter_callkit_incoming_yoer] AndroidManifest.xml:47:17-113
229-->[:flutter_callkit_incoming_yoer] AndroidManifest.xml:47:25-110
230                <action android:name="com.comma.premedico.com.hiennv.flutter_callkit_incoming.ACTION_CALL_TIMEOUT" />
230-->[:flutter_callkit_incoming_yoer] AndroidManifest.xml:48:17-115
230-->[:flutter_callkit_incoming_yoer] AndroidManifest.xml:48:25-112
231            </intent-filter>
232        </receiver>
233
234        <service
234-->[:flutter_callkit_incoming_yoer] AndroidManifest.xml:52:9-55:39
235            android:name="com.hiennv.flutter_callkit_incoming.CallkitSoundPlayerService"
235-->[:flutter_callkit_incoming_yoer] AndroidManifest.xml:53:13-89
236            android:enabled="true"
236-->[:flutter_callkit_incoming_yoer] AndroidManifest.xml:54:13-35
237            android:exported="true" />
237-->[:flutter_callkit_incoming_yoer] AndroidManifest.xml:55:13-36
238        <service
238-->[:flutter_callkit_incoming_yoer] AndroidManifest.xml:56:9-64:19
239            android:name="com.hiennv.flutter_callkit_incoming.telecom.TelecomConnectionService"
239-->[:flutter_callkit_incoming_yoer] AndroidManifest.xml:57:13-96
240            android:enabled="true"
240-->[:flutter_callkit_incoming_yoer] AndroidManifest.xml:58:13-35
241            android:exported="true"
241-->[:flutter_callkit_incoming_yoer] AndroidManifest.xml:59:13-36
242            android:permission="android.permission.BIND_TELECOM_CONNECTION_SERVICE" >
242-->[:flutter_callkit_incoming_yoer] AndroidManifest.xml:60:13-84
243            <intent-filter>
243-->[:flutter_callkit_incoming_yoer] AndroidManifest.xml:61:13-63:29
244                <action android:name="android.telecom.ConnectionService" />
244-->[:flutter_callkit_incoming_yoer] AndroidManifest.xml:62:17-76
244-->[:flutter_callkit_incoming_yoer] AndroidManifest.xml:62:25-73
245            </intent-filter>
246        </service>
247
248        <provider
248-->[:image_picker_android] AndroidManifest.xml:11:9-19:20
249            android:name="io.flutter.plugins.imagepicker.ImagePickerFileProvider"
249-->[:image_picker_android] AndroidManifest.xml:12:13-82
250            android:authorities="com.comma.premedico.flutter.image_provider"
250-->[:image_picker_android] AndroidManifest.xml:13:13-74
251            android:exported="false"
251-->[:image_picker_android] AndroidManifest.xml:14:13-37
252            android:grantUriPermissions="true" >
252-->[:image_picker_android] AndroidManifest.xml:15:13-47
253            <meta-data
253-->[:image_picker_android] AndroidManifest.xml:16:13-18:75
254                android:name="android.support.FILE_PROVIDER_PATHS"
254-->[:image_picker_android] AndroidManifest.xml:17:17-67
255                android:resource="@xml/flutter_image_picker_file_paths" />
255-->[:image_picker_android] AndroidManifest.xml:18:17-72
256        </provider> <!-- Trigger Google Play services to install the backported photo picker module. -->
257        <service
257-->[:image_picker_android] AndroidManifest.xml:21:9-33:19
258            android:name="com.google.android.gms.metadata.ModuleDependencies"
258-->[:image_picker_android] AndroidManifest.xml:22:13-78
259            android:enabled="false"
259-->[:image_picker_android] AndroidManifest.xml:23:13-36
260            android:exported="false" >
260-->[:image_picker_android] AndroidManifest.xml:24:13-37
261            <intent-filter>
261-->[:image_picker_android] AndroidManifest.xml:26:13-28:29
262                <action android:name="com.google.android.gms.metadata.MODULE_DEPENDENCIES" />
262-->[:image_picker_android] AndroidManifest.xml:27:17-94
262-->[:image_picker_android] AndroidManifest.xml:27:25-91
263            </intent-filter>
264
265            <meta-data
265-->[:image_picker_android] AndroidManifest.xml:30:13-32:36
266                android:name="photopicker_activity:0:required"
266-->[:image_picker_android] AndroidManifest.xml:31:17-63
267                android:value="" />
267-->[:image_picker_android] AndroidManifest.xml:32:17-33
268        </service>
269        <service
269-->[:geolocator_android] AndroidManifest.xml:10:9-14:56
270            android:name="com.baseflow.geolocator.GeolocatorLocationService"
270-->[:geolocator_android] AndroidManifest.xml:11:13-77
271            android:enabled="true"
271-->[:geolocator_android] AndroidManifest.xml:12:13-35
272            android:exported="false"
272-->[:geolocator_android] AndroidManifest.xml:13:13-37
273            android:foregroundServiceType="location" />
273-->[:geolocator_android] AndroidManifest.xml:14:13-53
274
275        <activity
275-->[:url_launcher_android] AndroidManifest.xml:10:9-13:74